<?xml version="1.0" encoding="UTF-8"?>
<testng-results ignored="0" total="3" passed="3" failed="0" skipped="0">
  <reporter-output>
  </reporter-output>
  <suite started-at="2022-05-11T15:13:11 IST" name="Default suite" finished-at="2022-05-11T15:13:12 IST" duration-ms="397">
    <groups>
    </groups>
    <test started-at="2022-05-11T15:13:11 IST" name="Default test" finished-at="2022-05-11T15:13:12 IST" duration-ms="397">
      <class name="TestNG.NG">
        <test-method is-config="true" signature="beforeclass()[pri:0, instance:TestNG.NG@7c7b252e]" started-at="2022-05-11T15:13:11 IST" name="beforeclass" finished-at="2022-05-11T15:13:12 IST" duration-ms="58" status="PASS">
          <reporter-output>
          </reporter-output>
        </test-method> <!-- beforeclass -->
        <test-method is-config="true" signature="beforemethod()[pri:0, instance:TestNG.NG@7c7b252e]" started-at="2022-05-11T15:13:12 IST" name="beforemethod" finished-at="2022-05-11T15:13:12 IST" duration-ms="1" status="PASS">
          <reporter-output>
          </reporter-output>
        </test-method> <!-- beforemethod -->
        <test-method signature="testa()[pri:2, instance:TestNG.NG@7c7b252e]" started-at="2022-05-11T15:13:12 IST" name="testa" finished-at="2022-05-11T15:13:12 IST" duration-ms="9" status="PASS">
          <reporter-output>
          </reporter-output>
        </test-method> <!-- testa -->
        <test-method is-config="true" signature="aftermetho()[pri:0, instance:TestNG.NG@7c7b252e]" started-at="2022-05-11T15:13:12 IST" name="aftermetho" finished-at="2022-05-11T15:13:12 IST" duration-ms="0" status="PASS">
          <reporter-output>
          </reporter-output>
        </test-method> <!-- aftermetho -->
        <test-method is-config="true" signature="beforemethod()[pri:0, instance:TestNG.NG@7c7b252e]" started-at="2022-05-11T15:13:12 IST" name="beforemethod" finished-at="2022-05-11T15:13:12 IST" duration-ms="0" status="PASS">
          <reporter-output>
          </reporter-output>
        </test-method> <!-- beforemethod -->
        <test-method signature="testa()[pri:2, instance:TestNG.NG@7c7b252e]" started-at="2022-05-11T15:13:12 IST" name="testa" finished-at="2022-05-11T15:13:12 IST" duration-ms="1" status="PASS">
          <reporter-output>
          </reporter-output>
        </test-method> <!-- testa -->
        <test-method is-config="true" signature="aftermetho()[pri:0, instance:TestNG.NG@7c7b252e]" started-at="2022-05-11T15:13:12 IST" name="aftermetho" finished-at="2022-05-11T15:13:12 IST" duration-ms="1" status="PASS">
          <reporter-output>
          </reporter-output>
        </test-method> <!-- aftermetho -->
        <test-method is-config="true" signature="beforemethod()[pri:0, instance:TestNG.NG@7c7b252e]" started-at="2022-05-11T15:13:12 IST" name="beforemethod" finished-at="2022-05-11T15:13:12 IST" duration-ms="0" status="PASS">
          <reporter-output>
          </reporter-output>
        </test-method> <!-- beforemethod -->
        <test-method signature="testA()[pri:1, instance:TestNG.NG@7c7b252e]" started-at="2022-05-11T15:13:12 IST" name="testA" finished-at="2022-05-11T15:13:12 IST" depends-on-methods="TestNG.NG.testa" duration-ms="1" status="PASS">
          <reporter-output>
          </reporter-output>
        </test-method> <!-- testA -->
        <test-method is-config="true" signature="aftermetho()[pri:0, instance:TestNG.NG@7c7b252e]" started-at="2022-05-11T15:13:12 IST" name="aftermetho" finished-at="2022-05-11T15:13:12 IST" duration-ms="0" status="PASS">
          <reporter-output>
          </reporter-output>
        </test-method> <!-- aftermetho -->
        <test-method is-config="true" signature="afterclass()[pri:0, instance:TestNG.NG@7c7b252e]" started-at="2022-05-11T15:13:12 IST" name="afterclass" finished-at="2022-05-11T15:13:12 IST" duration-ms="0" status="PASS">
          <reporter-output>
          </reporter-output>
        </test-method> <!-- afterclass -->
      </class> <!-- TestNG.NG -->
    </test> <!-- Default test -->
  </suite> <!-- Default suite -->
</testng-results>
